TN:test
SF:/Users/mac/Desktop/C6_s21_matrix-1/src/s21_matrix.c
FN:106,118,s21_mult_number
FN:121,139,s21_mult_matrix
FN:142,154,s21_transpose
FN:157,180,get_minor
FN:183,196,search_determinant
FN:199,211,s21_determinant
FN:214,233,calc
FN:23,39,s21_remove_matrix
FN:236,247,s21_calc_complements
FN:250,270,s21_inverse_matrix
FN:3,20,s21_create_matrix
FN:41,49,matrix_exist
FN:52,67,s21_eq_matrix
FN:70,85,s21_sum_matrix
FN:88,103,s21_sub_matrix
FNDA:4,s21_mult_number
FNDA:3,s21_mult_matrix
FNDA:3,s21_transpose
FNDA:24,get_minor
FNDA:26,search_determinant
FNDA:20,s21_determinant
FNDA:2,calc
FNDA:98,s21_remove_matrix
FNDA:2,s21_calc_complements
FNDA:1,s21_inverse_matrix
FNDA:99,s21_create_matrix
FNDA:94,matrix_exist
FNDA:20,s21_eq_matrix
FNDA:5,s21_sum_matrix
FNDA:5,s21_sub_matrix
FNF:15
FNH:15
DA:3,99
DA:4,99
DA:6,99
DA:7,2
DA:8,2
DA:9,97
DA:10,97
DA:11,97
DA:12,97
DA:13,97
DA:14,405
DA:15,308
DA:16,308
DA:17,97
DA:18,97
DA:20,99
DA:23,98
DA:24,98
DA:25,405
DA:26,308
DA:27,308
DA:28,308
DA:29,308
DA:30,97
DA:31,97
DA:32,97
DA:33,98
DA:34,97
DA:35,97
DA:36,98
DA:37,97
DA:38,97
DA:39,98
DA:41,94
DA:43,94
DA:44,92
DA:45,92
DA:46,92
DA:47,2
DA:49,94
DA:52,20
DA:53,20
DA:54,20
DA:55,19
DA:56,19
DA:57,18
DA:58,81
DA:59,291
DA:60,228
DA:61,1
DA:62,1
DA:63,228
DA:64,63
DA:65,18
DA:66,19
DA:67,20
DA:70,5
DA:71,5
DA:72,5
DA:73,5
DA:74,5
DA:75,3
DA:76,3
DA:77,15
DA:78,60
DA:79,48
DA:80,48
DA:81,12
DA:82,3
DA:83,3
DA:84,5
DA:85,5
DA:88,5
DA:89,5
DA:90,5
DA:91,4
DA:92,4
DA:93,3
DA:94,3
DA:95,15
DA:96,60
DA:97,48
DA:98,48
DA:99,12
DA:100,3
DA:101,3
DA:102,4
DA:103,5
DA:106,4
DA:107,4
DA:108,4
DA:109,4
DA:110,4
DA:111,19
DA:112,72
DA:113,57
DA:114,57
DA:115,15
DA:116,4
DA:117,4
DA:118,4
DA:121,3
DA:122,3
DA:123,3
DA:124,3
DA:125,2
DA:126,2
DA:127,7
DA:128,15
DA:129,30
DA:130,20
DA:131,20
DA:132,10
DA:133,5
DA:134,2
DA:135,2
DA:136,1
DA:138,3
DA:139,3
DA:142,3
DA:143,3
DA:144,3
DA:145,3
DA:146,3
DA:147,10
DA:148,24
DA:149,17
DA:150,17
DA:151,7
DA:152,3
DA:153,3
DA:154,3
DA:157,24
DA:158,24
DA:159,24
DA:160,24
DA:161,24
DA:163,96
DA:164,72
DA:165,72
DA:166,30
DA:167,30
DA:168,288
DA:169,216
DA:170,216
DA:171,72
DA:172,72
DA:173,216
DA:174,96
DA:175,96
DA:176,216
DA:177,72
DA:178,24
DA:179,24
DA:180,24
DA:183,26
DA:184,26
DA:185,26
DA:186,24
DA:187,24
DA:188,24
DA:189,8
DA:191,6
DA:192,6
DA:193,6
DA:194,6
DA:196,26
DA:199,20
DA:200,20
DA:201,20
DA:202,20
DA:203,20
DA:204,20
DA:205,20
DA:206,20
DA:207,20
DA:208,20
DA:209,20
DA:210,20
DA:211,20
DA:214,2
DA:215,2
DA:216,2
DA:217,2
DA:218,8
DA:219,24
DA:222,18
DA:223,18
DA:224,18
DA:225,18
DA:226,18
DA:227,18
DA:228,18
DA:229,18
DA:230,18
DA:231,6
DA:232,2
DA:233,2
DA:236,2
DA:237,2
DA:238,2
DA:239,2
DA:240,2
DA:241,2
DA:242,2
DA:243,2
DA:244,2
DA:245,2
DA:246,2
DA:247,2
DA:250,1
DA:251,1
DA:252,1
DA:253,1
DA:255,1
DA:256,1
DA:258,1
DA:259,1
DA:261,1
DA:262,1
DA:263,1
DA:264,1
DA:265,1
DA:266,1
DA:267,1
DA:268,1
DA:269,1
DA:270,1
LF:228
LH:228
end_of_record
TN:test
SF:/Users/mac/Desktop/C6_s21_matrix-1/src/s21_test_matrix.c
FN:11,22,test_s21_create_matrix_fn
FN:130,192,test_s21_sub_matrix_fn
FN:195,235,test_s21_mult_number_fn
FN:238,281,test_s21_mult_matrix_fn
FN:25,60,test_s21_eq_matrix_fn
FN:284,329,test_s21_transpose_fn
FN:332,347,test_s21_determinant_fn
FN:350,373,test_s21_calc_complements_fn
FN:376,399,test_s21_inverse_matrix_fn
FN:402,445,s21_matrix_suite
FN:448,459,main
FN:63,127,test_s21_sum_matrix_fn
FNDA:1,test_s21_create_matrix_fn
FNDA:1,test_s21_sub_matrix_fn
FNDA:1,test_s21_mult_number_fn
FNDA:1,test_s21_mult_matrix_fn
FNDA:1,test_s21_eq_matrix_fn
FNDA:1,test_s21_transpose_fn
FNDA:1,test_s21_determinant_fn
FNDA:1,test_s21_calc_complements_fn
FNDA:1,test_s21_inverse_matrix_fn
FNDA:11,s21_matrix_suite
FNDA:11,main
FNDA:1,test_s21_sum_matrix_fn
FNF:12
FNH:12
DA:11,1
DA:13,1
DA:14,1
DA:15,1
DA:17,1
DA:18,1
DA:20,1
DA:21,1
DA:22,1
DA:25,1
DA:27,1
DA:28,1
DA:29,1
DA:30,1
DA:31,1
DA:32,1
DA:34,1
DA:35,1
DA:37,1
DA:38,1
DA:39,1
DA:40,1
DA:41,1
DA:42,1
DA:44,1
DA:45,1
DA:46,1
DA:47,1
DA:48,1
DA:49,1
DA:50,1
DA:52,1
DA:53,1
DA:54,1
DA:55,1
DA:56,1
DA:57,1
DA:58,1
DA:59,1
DA:60,1
DA:63,1
DA:65,1
DA:66,1
DA:67,1
DA:68,1
DA:69,1
DA:70,1
DA:71,1
DA:72,1
DA:73,1
DA:74,1
DA:75,1
DA:77,1
DA:78,1
DA:79,1
DA:80,1
DA:81,1
DA:82,1
DA:84,1
DA:85,1
DA:86,1
DA:87,1
DA:88,1
DA:89,1
DA:91,1
DA:92,1
DA:93,1
DA:94,5
DA:95,20
DA:96,16
DA:97,16
DA:98,16
DA:99,4
DA:100,1
DA:101,1
DA:102,1
DA:103,1
DA:104,1
DA:105,1
DA:106,1
DA:107,1
DA:109,1
DA:110,1
DA:111,1
DA:112,5
DA:113,20
DA:114,16
DA:115,16
DA:116,16
DA:117,16
DA:118,4
DA:119,1
DA:120,1
DA:121,1
DA:122,1
DA:123,1
DA:124,1
DA:125,1
DA:126,1
DA:127,1
DA:130,1
DA:132,1
DA:133,1
DA:134,1
DA:135,1
DA:136,1
DA:137,1
DA:138,1
DA:139,1
DA:140,1
DA:141,1
DA:142,1
DA:144,1
DA:145,1
DA:146,1
DA:147,1
DA:148,1
DA:149,1
DA:151,1
DA:152,1
DA:153,1
DA:154,1
DA:155,1
DA:157,1
DA:158,1
DA:159,1
DA:160,5
DA:161,20
DA:162,16
DA:163,16
DA:164,16
DA:165,4
DA:166,1
DA:167,1
DA:168,1
DA:169,1
DA:170,1
DA:171,1
DA:172,1
DA:173,1
DA:175,1
DA:176,1
DA:177,1
DA:178,5
DA:179,20
DA:180,16
DA:181,16
DA:182,16
DA:183,4
DA:184,1
DA:185,1
DA:186,1
DA:187,1
DA:188,1
DA:189,1
DA:190,1
DA:191,1
DA:192,1
DA:195,1
DA:197,1
DA:198,1
DA:199,1
DA:200,1
DA:201,1
DA:202,1
DA:203,1
DA:204,1
DA:205,1
DA:207,1
DA:208,1
DA:209,5
DA:210,20
DA:211,16
DA:212,16
DA:213,16
DA:214,4
DA:215,1
DA:216,1
DA:217,1
DA:218,1
DA:219,1
DA:220,1
DA:222,1
DA:223,5
DA:224,20
DA:225,16
DA:226,16
DA:227,4
DA:228,1
DA:229,1
DA:230,1
DA:231,1
DA:232,1
DA:233,1
DA:234,1
DA:235,1
DA:238,1
DA:241,1
DA:242,1
DA:243,1
DA:244,3
DA:245,6
DA:246,4
DA:247,4
DA:248,4
DA:249,2
DA:250,1
DA:251,1
DA:252,1
DA:253,1
DA:254,1
DA:255,1
DA:256,1
DA:257,1
DA:258,1
DA:259,1
DA:260,1
DA:261,1
DA:263,1
DA:264,1
DA:265,1
DA:266,1
DA:267,1
DA:268,1
DA:269,1
DA:270,1
DA:271,1
DA:272,1
DA:273,1
DA:275,1
DA:276,1
DA:277,1
DA:278,1
DA:279,1
DA:280,1
DA:281,1
DA:284,1
DA:287,1
DA:288,1
DA:289,1
DA:290,1
DA:291,1
DA:292,1
DA:293,1
DA:294,1
DA:295,1
DA:296,1
DA:297,1
DA:298,1
DA:299,1
DA:300,1
DA:301,1
DA:302,1
DA:303,1
DA:305,1
DA:309,1
DA:310,1
DA:311,1
DA:312,3
DA:313,6
DA:314,4
DA:315,4
DA:316,2
DA:317,3
DA:318,6
DA:319,4
DA:320,4
DA:321,2
DA:322,1
DA:323,1
DA:324,1
DA:325,1
DA:326,1
DA:327,1
DA:328,1
DA:329,1
DA:332,1
DA:334,1
DA:335,1
DA:336,4
DA:337,12
DA:338,9
DA:339,9
DA:340,3
DA:341,1
DA:343,1
DA:344,1
DA:345,1
DA:346,1
DA:347,1
DA:350,1
DA:351,1
DA:352,1
DA:354,1
DA:355,1
DA:356,4
DA:357,12
DA:358,9
DA:359,9
DA:360,3
DA:361,4
DA:362,12
DA:363,9
DA:364,9
DA:365,3
DA:366,1
DA:367,1
DA:368,1
DA:369,1
DA:370,1
DA:371,1
DA:372,1
DA:373,1
DA:376,1
DA:377,1
DA:378,1
DA:380,1
DA:381,1
DA:382,4
DA:383,12
DA:384,9
DA:385,9
DA:386,3
DA:387,4
DA:388,12
DA:389,9
DA:390,9
DA:391,3
DA:392,1
DA:393,1
DA:394,1
DA:395,1
DA:396,1
DA:397,1
DA:398,1
DA:399,1
DA:402,11
DA:403,11
DA:405,11
DA:406,11
DA:407,11
DA:409,11
DA:410,11
DA:411,11
DA:413,11
DA:414,11
DA:415,11
DA:417,11
DA:418,11
DA:419,11
DA:421,11
DA:422,11
DA:423,11
DA:425,11
DA:426,11
DA:427,11
DA:429,11
DA:430,11
DA:431,11
DA:433,11
DA:434,11
DA:435,11
DA:437,11
DA:438,11
DA:439,11
DA:441,11
DA:442,11
DA:443,11
DA:445,11
DA:448,11
DA:449,11
DA:451,11
DA:453,11
DA:455,11
DA:456,11
DA:457,11
DA:459,11
LF:377
LH:377
end_of_record
